<?xml version="1.0" encoding="UTF-8"?>
<testng-results ignored="0" total="1" passed="1" failed="0" skipped="0">
  <reporter-output>
  </reporter-output>
  <suite started-at="2023-06-12T17:04:49Z" name="netbankV1" finished-at="2023-06-12T17:04:59Z" duration-ms="10540">
    <groups>
    </groups>
    <test started-at="2023-06-12T17:04:49Z" name="NetBanking App Test" finished-at="2023-06-12T17:04:59Z" duration-ms="10540">
      <class name="com.netbankV1.testCases.TC_LoginPage_001">
        <test-method is-config="true" signature="setup(java.lang.String)[pri:0, instance:com.netbankV1.testCases.TC_LoginPage_001@27fe3806]" started-at="2023-06-12T17:04:49Z" name="setup" finished-at="2023-06-12T17:04:56Z" duration-ms="7205" status="PASS">
          <params>
            <param index="0">
              <value>
                <![CDATA[chrome]]>
              </value>
            </param>
          </params>
          <reporter-output>
          </reporter-output>
        </test-method> <!-- setup -->
        <test-method signature="loginTest()[pri:0, instance:com.netbankV1.testCases.TC_LoginPage_001@27fe3806]" started-at="2023-06-12T17:04:56Z" name="loginTest" finished-at="2023-06-12T17:04:59Z" duration-ms="2611" status="PASS">
          <reporter-output>
          </reporter-output>
        </test-method> <!-- loginTest -->
        <test-method is-config="true" signature="tearDown()[pri:0, instance:com.netbankV1.testCases.TC_LoginPage_001@27fe3806]" started-at="2023-06-12T17:04:59Z" name="tearDown" finished-at="2023-06-12T17:04:59Z" duration-ms="326" status="PASS">
          <reporter-output>
          </reporter-output>
        </test-method> <!-- tearDown -->
      </class> <!-- com.netbankV1.testCases.TC_LoginPage_001 -->
    </test> <!-- NetBanking App Test -->
  </suite> <!-- netbankV1 -->
</testng-results>
